<?xml version="1.0" encoding="UTF-8"?>
<testng-results skipped="0" failed="0" total="1" passed="1">
  <reporter-output>
  </reporter-output>
  <suite name="Default suite" duration-ms="15096" started-at="2018-09-20T14:17:32Z" finished-at="2018-09-20T14:17:47Z">
    <groups>
    </groups>
    <test name="Default test" duration-ms="15096" started-at="2018-09-20T14:17:32Z" finished-at="2018-09-20T14:17:47Z">
      <class name="selenium_api.Topic_01_CheckEnvironment">
        <test-method status="PASS" signature="beforeClass()[pri:0, instance:selenium_api.Topic_01_CheckEnvironment@2ac1fdc4]" name="beforeClass" is-config="true" duration-ms="9894" started-at="2018-09-20T21:17:32Z" finished-at="2018-09-20T21:17:42Z">
          <reporter-output>
          </reporter-output>
        </test-method> <!-- beforeClass -->
        <test-method status="PASS" signature="TC_01_CheckBrowser()[pri:0, instance:selenium_api.Topic_01_CheckEnvironment@2ac1fdc4]" name="TC_01_CheckBrowser" duration-ms="3680" started-at="2018-09-20T21:17:42Z" finished-at="2018-09-20T21:17:46Z">
          <reporter-output>
          </reporter-output>
        </test-method> <!-- TC_01_CheckBrowser -->
        <test-method status="PASS" signature="afterClass()[pri:0, instance:selenium_api.Topic_01_CheckEnvironment@2ac1fdc4]" name="afterClass" is-config="true" duration-ms="1508" started-at="2018-09-20T21:17:46Z" finished-at="2018-09-20T21:17:47Z">
          <reporter-output>
          </reporter-output>
        </test-method> <!-- afterClass -->
      </class> <!-- selenium_api.Topic_01_CheckEnvironment -->
    </test> <!-- Default test -->
  </suite> <!-- Default suite -->
</testng-results>
